TN:
SF:lambda\deleteOrder.ts
FN:6,(anonymous_0)
FNF:1
FNH:1
FNDA:1,(anonymous_0)
DA:2,1
DA:3,1
DA:6,1
DA:7,1
LF:4
LH:4
BRF:0
BRH:0
end_of_record
TN:
SF:lambda\deleteProductByID.ts
FN:6,(anonymous_0)
FN:13,(anonymous_1)
FNF:2
FNH:2
FNDA:3,(anonymous_0)
FNDA:7,(anonymous_1)
DA:2,1
DA:3,1
DA:4,1
DA:6,1
DA:7,3
DA:9,3
DA:10,1
DA:13,7
DA:15,2
DA:16,1
DA:19,1
LF:11
LH:11
BRDA:9,0,0,1
BRDA:15,1,0,1
BRF:2
BRH:2
end_of_record
TN:
SF:lambda\getOrderById.ts
FN:7,(anonymous_0)
FN:9,(anonymous_1)
FNF:2
FNH:2
FNDA:2,(anonymous_0)
FNDA:3,(anonymous_1)
DA:2,1
DA:3,1
DA:4,1
DA:7,1
DA:8,2
DA:9,3
DA:11,2
LF:7
LH:7
BRDA:11,0,0,1
BRDA:11,0,1,1
BRF:2
BRH:2
end_of_record
TN:
SF:lambda\getOrders.ts
FN:7,(anonymous_0)
FNF:1
FNH:1
FNDA:1,(anonymous_0)
DA:2,1
DA:3,1
DA:4,1
DA:7,1
DA:8,1
LF:5
LH:5
BRF:0
BRH:0
end_of_record
TN:
SF:lambda\getProductByID.ts
FN:6,(anonymous_0)
FN:13,(anonymous_1)
FNF:2
FNH:2
FNDA:3,(anonymous_0)
FNDA:7,(anonymous_1)
DA:2,1
DA:3,1
DA:4,1
DA:6,1
DA:7,3
DA:9,3
DA:10,1
DA:13,7
DA:15,2
DA:16,1
DA:19,1
LF:11
LH:11
BRDA:9,0,0,1
BRDA:15,1,0,1
BRF:2
BRH:2
end_of_record
TN:
SF:lambda\getProductList.ts
FN:6,(anonymous_0)
FNF:1
FNH:1
FNDA:1,(anonymous_0)
DA:2,1
DA:3,1
DA:4,1
DA:6,1
DA:7,1
LF:5
LH:5
BRF:0
BRH:0
end_of_record
TN:
SF:lambda\getProfileCart.ts
FN:7,(anonymous_0)
FNF:1
FNH:1
FNDA:1,(anonymous_0)
DA:2,1
DA:3,1
DA:4,1
DA:7,1
DA:8,1
LF:5
LH:5
BRF:0
BRH:0
end_of_record
TN:
SF:lambda\putOrder.ts
FN:6,(anonymous_0)
FNF:1
FNH:1
FNDA:1,(anonymous_0)
DA:2,1
DA:3,1
DA:6,1
DA:7,1
LF:4
LH:4
BRF:0
BRH:0
end_of_record
TN:
SF:lambda\putOrderStatus.ts
FN:6,(anonymous_0)
FNF:1
FNH:1
FNDA:1,(anonymous_0)
DA:2,1
DA:3,1
DA:6,1
DA:7,1
LF:4
LH:4
BRF:0
BRH:0
end_of_record
TN:
SF:lambda\putProduct.ts
FN:6,(anonymous_0)
FN:23,(anonymous_1)
FNF:2
FNH:2
FNDA:5,(anonymous_0)
FNDA:7,(anonymous_1)
DA:2,1
DA:3,1
DA:4,1
DA:6,1
DA:7,5
DA:8,1
DA:12,4
DA:13,4
DA:15,1
DA:18,3
DA:19,3
DA:20,1
DA:23,7
DA:24,2
DA:25,1
DA:28,1
LF:16
LH:16
BRDA:7,0,0,1
BRDA:19,1,0,1
BRDA:24,2,0,1
BRF:3
BRH:3
end_of_record
TN:
SF:lambda\putProfileCart.ts
FN:6,(anonymous_0)
FNF:1
FNH:1
FNDA:2,(anonymous_0)
DA:2,1
DA:3,1
DA:6,1
DA:8,2
DA:9,1
DA:11,1
LF:6
LH:6
BRDA:8,0,0,1
BRF:1
BRH:1
end_of_record
